# JRE version: OpenJDK Runtime Environment Temurin-21.0.12.1+1 (21.0.12.1+1) (build 21.0.12.1+1-LTS)
# Java VM: OpenJDK 64-Bit Server VM Temurin-21.0.12.1+1 (21.0.12.1+1-LTS, mixed mode, sharing, tiered, compressed oops, compressed class ptrs, g1 gc, windows-amd64)
GC Precious Log:
 CardTable entry size: 512
 Card Set container configuration: InlinePtr #cards 4 size 8 Array Of Cards #cards 32 size 80 Howl #buckets 8 coarsen threshold 7372 Howl Bitmap #cards 1024 size 144 coarsen threshold 921 Card regions per heap region 1 cards per card region 8192
 CPUs: 12 total, 12 available
 Memory: 7895M
 Large Page Support: Disabled
 NUMA Support: Disabled
 Compressed Oops: Enabled (Zero based)
 Heap Region Size: 4M
 Heap Min Capacity: 8M
 Heap Initial Capacity: 124M
 Heap Max Capacity: 8G
 Pre-touch: Disabled
 Parallel Workers: 10
 Concurrent Workers: 3
 Concurrent Refinement Workers: 10
 Periodic GC: Disabled
Heap:
 garbage-first heap   total 106496K, used 41278K [0x0000000600000000, 0x0000000800000000)
  region size 4096K, 4 young (16384K), 2 survivors (8192K)
 Metaspace       used 47133K, committed 48896K, reserved 1114112K
  class space    used 7030K, committed 7872K, reserved 1048576K
GC Heap History (20 events):
Event: 6.938 GC heap before
{Heap before GC invocations=1 (full 0):
 garbage-first heap   total 126976K, used 38304K [0x0000000600000000, 0x0000000800000000)
  region size 4096K, 10 young (40960K), 1 survivors (4096K)
 Metaspace       used 4590K, committed 4864K, reserved 1114112K
  class space    used 585K, committed 704K, reserved 1048576K
}
Event: 6.952 GC heap after
{Heap after GC invocations=2 (full 0):
 garbage-first heap   total 126976K, used 11712K [0x0000000600000000, 0x0000000800000000)
  region size 4096K, 2 young (8192K), 2 survivors (8192K)
 Metaspace       used 4590K, committed 4864K, reserved 1114112K
  class space    used 585K, committed 704K, reserved 1048576K
}
Event: 14.261 GC heap before
{Heap before GC invocations=2 (full 0):
 garbage-first heap   total 126976K, used 73152K [0x0000000600000000, 0x0000000800000000)
  region size 4096K, 18 young (73728K), 2 survivors (8192K)
 Metaspace       used 7419K, committed 7680K, reserved 1114112K
  class space    used 1012K, committed 1152K, reserved 1048576K
}
Event: 14.278 GC heap after
{Heap after GC invocations=3 (full 0):
 garbage-first heap   total 126976K, used 18804K [0x0000000600000000, 0x0000000800000000)
  region size 4096K, 2 young (8192K), 2 survivors (8192K)
 Metaspace       used 7419K, committed 7680K, reserved 1114112K
  class space    used 1012K, committed 1152K, reserved 1048576K
}
Event: 28.137 GC heap before
{Heap before GC invocations=3 (full 0):
 garbage-first heap   total 126976K, used 80244K [0x0000000600000000, 0x0000000800000000)
  region size 4096K, 18 young (73728K), 2 survivors (8192K)
 Metaspace       used 18972K, committed 19520K, reserved 1114112K
  class space    used 2559K, committed 2816K, reserved 1048576K
}
Event: 28.151 GC heap after
{Heap after GC invocations=4 (full 0):
 garbage-first heap   total 126976K, used 23477K [0x0000000600000000, 0x0000000800000000)
  region size 4096K, 2 young (8192K), 2 survivors (8192K)
 Metaspace       used 18972K, committed 19520K, reserved 1114112K
  class space    used 2559K, committed 2816K, reserved 1048576K
}
Event: 28.882 GC heap before
{Heap before GC invocations=4 (full 0):
 garbage-first heap   total 126976K, used 35765K [0x0000000600000000, 0x0000000800000000)
  region size 4096K, 6 young (24576K), 2 survivors (8192K)
 Metaspace       used 20865K, committed 21504K, reserved 1114112K
  class space    used 2880K, committed 3200K, reserved 1048576K
}
Event: 28.888 GC heap after
{Heap after GC invocations=5 (full 0):
 garbage-first heap   total 126976K, used 24067K [0x0000000600000000, 0x0000000800000000)
  region size 4096K, 2 young (8192K), 2 survivors (8192K)
 Metaspace       used 20865K, committed 21504K, reserved 1114112K
  class space    used 2880K, committed 3200K, reserved 1048576K
}
Event: 36.883 GC heap before
{Heap before GC invocations=6 (full 0):
 garbage-first heap   total 98304K, used 89603K [0x0000000600000000, 0x0000000800000000)
  region size 4096K, 18 young (73728K), 2 survivors (8192K)
 Metaspace       used 29261K, committed 30400K, reserved 1114112K
  class space    used 4252K, committed 4800K, reserved 1048576K
}
Event: 36.903 GC heap after
{Heap after GC invocations=7 (full 0):
 garbage-first heap   total 106496K, used 27983K [0x0000000600000000, 0x0000000800000000)
  region size 4096K, 3 young (12288K), 3 survivors (12288K)
 Metaspace       used 29261K, committed 30400K, reserved 1114112K
  class space    used 4252K, committed 4800K, reserved 1048576K
}
Event: 39.141 GC heap before
{Heap before GC invocations=7 (full 0):
 garbage-first heap   total 106496K, used 64847K [0x0000000600000000, 0x0000000800000000)
  region size 4096K, 13 young (53248K), 3 survivors (12288K)
 Metaspace       used 34669K, committed 35968K, reserved 1114112K
  class space    used 4983K, committed 5632K, reserved 1048576K
}
Event: 39.153 GC heap after
{Heap after GC invocations=8 (full 0):
 garbage-first heap   total 106496K, used 29885K [0x0000000600000000, 0x0000000800000000)
  region size 4096K, 2 young (8192K), 2 survivors (8192K)
 Metaspace       used 34669K, committed 35968K, reserved 1114112K
  class space    used 4983K, committed 5632K, reserved 1048576K
}
Event: 39.246 GC heap before
{Heap before GC invocations=8 (full 0):
 garbage-first heap   total 106496K, used 29885K [0x0000000600000000, 0x0000000800000000)
  region size 4096K, 3 young (12288K), 2 survivors (8192K)
 Metaspace       used 34934K, committed 36288K, reserved 1114112K
  class space    used 5006K, committed 5696K, reserved 1048576K
}
Event: 39.254 GC heap after
{Heap after GC invocations=9 (full 0):
 garbage-first heap   total 106496K, used 30501K [0x0000000600000000, 0x0000000800000000)
  region size 4096K, 1 young (4096K), 1 survivors (4096K)
 Metaspace       used 34934K, committed 36288K, reserved 1114112K
  class space    used 5006K, committed 5696K, reserved 1048576K
}
Event: 45.954 GC heap before
{Heap before GC invocations=10 (full 0):
 garbage-first heap   total 106496K, used 87845K [0x0000000600000000, 0x0000000800000000)
  region size 4096K, 15 young (61440K), 1 survivors (4096K)
 Metaspace       used 38657K, committed 40192K, reserved 1114112K
  class space    used 5642K, committed 6400K, reserved 1048576K
}
Event: 45.965 GC heap after
{Heap after GC invocations=11 (full 0):
 garbage-first heap   total 106496K, used 32525K [0x0000000600000000, 0x0000000800000000)
  region size 4096K, 2 young (8192K), 2 survivors (8192K)
 Metaspace       used 38657K, committed 40192K, reserved 1114112K
  class space    used 5642K, committed 6400K, reserved 1048576K
}
Event: 49.834 GC heap before
{Heap before GC invocations=11 (full 0):
 garbage-first heap   total 106496K, used 85773K [0x0000000600000000, 0x0000000800000000)
  region size 4096K, 15 young (61440K), 2 survivors (8192K)
 Metaspace       used 41585K, committed 43264K, reserved 1114112K
  class space    used 6134K, committed 6976K, reserved 1048576K
}
Event: 49.842 GC heap after
{Heap after GC invocations=12 (full 0):
 garbage-first heap   total 106496K, used 34159K [0x0000000600000000, 0x0000000800000000)
  region size 4096K, 2 young (8192K), 2 survivors (8192K)
 Metaspace       used 41585K, committed 43264K, reserved 1114112K
  class space    used 6134K, committed 6976K, reserved 1048576K
}
Event: 54.014 GC heap before
{Heap before GC invocations=12 (full 0):
 garbage-first heap   total 106496K, used 87407K [0x0000000600000000, 0x0000000800000000)
  region size 4096K, 15 young (61440K), 2 survivors (8192K)
 Metaspace       used 46823K, committed 48576K, reserved 1114112K
  class space    used 6975K, committed 7808K, reserved 1048576K
}
Event: 54.024 GC heap after
{Heap after GC invocations=13 (full 0):
 garbage-first heap   total 106496K, used 37182K [0x0000000600000000, 0x0000000800000000)
  region size 4096K, 2 young (8192K), 2 survivors (8192K)
 Metaspace       used 46823K, committed 48576K, reserved 1114112K
  class space    used 6975K, committed 7808K, reserved 1048576K
}

