# JRE version: OpenJDK Runtime Environment Temurin-21.0.12.1+1 (21.0.12.1+1) (build 21.0.12.1+1-LTS)
# Java VM: OpenJDK 64-Bit Server VM Temurin-21.0.12.1+1 (21.0.12.1+1-LTS, mixed mode, sharing, tiered, compressed oops, compressed class ptrs, g1 gc, windows-amd64)
GC Precious Log:
 CardTable entry size: 512
 Card Set container configuration: InlinePtr #cards 4 size 8 Array Of Cards #cards 32 size 80 Howl #buckets 8 coarsen threshold 7372 Howl Bitmap #cards 1024 size 144 coarsen threshold 921 Card regions per heap region 1 cards per card region 8192
 CPUs: 12 total, 12 available
 Memory: 7895M
 Large Page Support: Disabled
 NUMA Support: Disabled
 Compressed Oops: Enabled (Zero based)
 Heap Region Size: 4M
 Heap Min Capacity: 8M
 Heap Initial Capacity: 124M
 Heap Max Capacity: 8G
 Pre-touch: Disabled
 Parallel Workers: 10
 Concurrent Workers: 3
 Concurrent Refinement Workers: 10
 Periodic GC: Disabled
Heap:
 garbage-first heap   total 131072K, used 92037K [0x0000000600000000, 0x0000000800000000)
  region size 4096K, 15 young (61440K), 3 survivors (12288K)
 Metaspace       used 61704K, committed 63744K, reserved 1114112K
  class space    used 9098K, committed 10112K, reserved 1048576K
GC Heap History (20 events):
Event: 21.519 GC heap before
{Heap before GC invocations=3 (full 0):
 garbage-first heap   total 126976K, used 79933K [0x0000000600000000, 0x0000000800000000)
  region size 4096K, 18 young (73728K), 2 survivors (8192K)
 Metaspace       used 19000K, committed 19520K, reserved 1114112K
  class space    used 2567K, committed 2816K, reserved 1048576K
}
Event: 21.618 GC heap after
{Heap after GC invocations=4 (full 0):
 garbage-first heap   total 126976K, used 23168K [0x0000000600000000, 0x0000000800000000)
  region size 4096K, 2 young (8192K), 2 survivors (8192K)
 Metaspace       used 19000K, committed 19520K, reserved 1114112K
  class space    used 2567K, committed 2816K, reserved 1048576K
}
Event: 22.313 GC heap before
{Heap before GC invocations=4 (full 0):
 garbage-first heap   total 126976K, used 35456K [0x0000000600000000, 0x0000000800000000)
  region size 4096K, 6 young (24576K), 2 survivors (8192K)
 Metaspace       used 20848K, committed 21504K, reserved 1114112K
  class space    used 2881K, committed 3200K, reserved 1048576K
}
Event: 22.320 GC heap after
{Heap after GC invocations=5 (full 0):
 garbage-first heap   total 126976K, used 23885K [0x0000000600000000, 0x0000000800000000)
  region size 4096K, 2 young (8192K), 2 survivors (8192K)
 Metaspace       used 20848K, committed 21504K, reserved 1114112K
  class space    used 2881K, committed 3200K, reserved 1048576K
}
Event: 26.349 GC heap before
{Heap before GC invocations=6 (full 0):
 garbage-first heap   total 98304K, used 89421K [0x0000000600000000, 0x0000000800000000)
  region size 4096K, 18 young (73728K), 2 survivors (8192K)
 Metaspace       used 29230K, committed 30400K, reserved 1114112K
  class space    used 4241K, committed 4800K, reserved 1048576K
}
Event: 26.362 GC heap after
{Heap after GC invocations=7 (full 0):
 garbage-first heap   total 106496K, used 27687K [0x0000000600000000, 0x0000000800000000)
  region size 4096K, 3 young (12288K), 3 survivors (12288K)
 Metaspace       used 29230K, committed 30400K, reserved 1114112K
  class space    used 4241K, committed 4800K, reserved 1048576K
}
Event: 29.868 GC heap before
{Heap before GC invocations=7 (full 0):
 garbage-first heap   total 106496K, used 64551K [0x0000000600000000, 0x0000000800000000)
  region size 4096K, 13 young (53248K), 3 survivors (12288K)
 Metaspace       used 34599K, committed 35968K, reserved 1114112K
  class space    used 4983K, committed 5696K, reserved 1048576K
}
Event: 29.879 GC heap after
{Heap after GC invocations=8 (full 0):
 garbage-first heap   total 106496K, used 29699K [0x0000000600000000, 0x0000000800000000)
  region size 4096K, 2 young (8192K), 2 survivors (8192K)
 Metaspace       used 34599K, committed 35968K, reserved 1114112K
  class space    used 4983K, committed 5696K, reserved 1048576K
}
Event: 29.930 GC heap before
{Heap before GC invocations=8 (full 0):
 garbage-first heap   total 106496K, used 29699K [0x0000000600000000, 0x0000000800000000)
  region size 4096K, 3 young (12288K), 2 survivors (8192K)
 Metaspace       used 34908K, committed 36288K, reserved 1114112K
  class space    used 4999K, committed 5696K, reserved 1048576K
}
Event: 29.936 GC heap after
{Heap after GC invocations=9 (full 0):
 garbage-first heap   total 106496K, used 30510K [0x0000000600000000, 0x0000000800000000)
  region size 4096K, 1 young (4096K), 1 survivors (4096K)
 Metaspace       used 34908K, committed 36288K, reserved 1114112K
  class space    used 4999K, committed 5696K, reserved 1048576K
}
Event: 35.622 GC heap before
{Heap before GC invocations=10 (full 0):
 garbage-first heap   total 106496K, used 87854K [0x0000000600000000, 0x0000000800000000)
  region size 4096K, 15 young (61440K), 1 survivors (4096K)
 Metaspace       used 38699K, committed 40256K, reserved 1114112K
  class space    used 5649K, committed 6400K, reserved 1048576K
}
Event: 35.671 GC heap after
{Heap after GC invocations=11 (full 0):
 garbage-first heap   total 131072K, used 32550K [0x0000000600000000, 0x0000000800000000)
  region size 4096K, 2 young (8192K), 2 survivors (8192K)
 Metaspace       used 38699K, committed 40256K, reserved 1114112K
  class space    used 5649K, committed 6400K, reserved 1048576K
}
Event: 40.022 GC heap before
{Heap before GC invocations=11 (full 0):
 garbage-first heap   total 131072K, used 102182K [0x0000000600000000, 0x0000000800000000)
  region size 4096K, 19 young (77824K), 2 survivors (8192K)
 Metaspace       used 43249K, committed 45056K, reserved 1114112K
  class space    used 6425K, committed 7296K, reserved 1048576K
}
Event: 40.031 GC heap after
{Heap after GC invocations=12 (full 0):
 garbage-first heap   total 131072K, used 35135K [0x0000000600000000, 0x0000000800000000)
  region size 4096K, 2 young (8192K), 2 survivors (8192K)
 Metaspace       used 43249K, committed 45056K, reserved 1114112K
  class space    used 6425K, committed 7296K, reserved 1048576K
}
Event: 54.962 GC heap before
{Heap before GC invocations=12 (full 0):
 garbage-first heap   total 131072K, used 104767K [0x0000000600000000, 0x0000000800000000)
  region size 4096K, 19 young (77824K), 2 survivors (8192K)
 Metaspace       used 48137K, committed 49920K, reserved 1114112K
  class space    used 7128K, committed 8000K, reserved 1048576K
}
Event: 54.995 GC heap after
{Heap after GC invocations=13 (full 0):
 garbage-first heap   total 131072K, used 38522K [0x0000000600000000, 0x0000000800000000)
  region size 4096K, 3 young (12288K), 3 survivors (12288K)
 Metaspace       used 48137K, committed 49920K, reserved 1114112K
  class space    used 7128K, committed 8000K, reserved 1048576K
}
Event: 59.234 GC heap before
{Heap before GC invocations=13 (full 0):
 garbage-first heap   total 131072K, used 99962K [0x0000000600000000, 0x0000000800000000)
  region size 4096K, 19 young (77824K), 3 survivors (12288K)
 Metaspace       used 54236K, committed 56128K, reserved 1114112K
  class space    used 8061K, committed 9024K, reserved 1048576K
}
Event: 59.256 GC heap after
{Heap after GC invocations=14 (full 0):
 garbage-first heap   total 131072K, used 45668K [0x0000000600000000, 0x0000000800000000)
  region size 4096K, 3 young (12288K), 3 survivors (12288K)
 Metaspace       used 54236K, committed 56128K, reserved 1114112K
  class space    used 8061K, committed 9024K, reserved 1048576K
}
Event: 61.250 GC heap before
{Heap before GC invocations=14 (full 0):
 garbage-first heap   total 131072K, used 86628K [0x0000000600000000, 0x0000000800000000)
  region size 4096K, 14 young (57344K), 3 survivors (12288K)
 Metaspace       used 58650K, committed 60608K, reserved 1114112K
  class space    used 8657K, committed 9664K, reserved 1048576K
}
Event: 61.267 GC heap after
{Heap after GC invocations=15 (full 0):
 garbage-first heap   total 131072K, used 46981K [0x0000000600000000, 0x0000000800000000)
  region size 4096K, 3 young (12288K), 3 survivors (12288K)
 Metaspace       used 58650K, committed 60608K, reserved 1114112K
  class space    used 8657K, committed 9664K, reserved 1048576K
}

